<?xml version="1.0" encoding="UTF-8"?>
<testsuite xmlns:xsi="http://www.w3.org/2001/XMLSchema-instance" xsi:noNamespaceSchemaLocation="https://maven.apache.org/surefire/maven-surefire-plugin/xsd/surefire-test-report-3.0.xsd" version="3.0" name="com.boha.kasietransie.KasieTransieBackendApplicationTests" time="25.365" tests="1" errors="0" skipped="0" failures="0">
  <properties>
[...]
</properties>
  <testcase name="contextLoads" classname="com.boha.kasietransie.KasieTransieBackendApplicationTests" time="0.483">
    <system-out><![CDATA[01:51:38.774 [main] INFO org.springframework.test.context.support.AnnotationConfigContextLoaderUtils -- Could not detect default configuration classes for test class [com.boha.kasietransie.KasieTransieBackendApplicationTests]: KasieTransieBackendApplicationTests does not declare any static, non-private, non-final, nested classes annotated with @Configuration.
01:51:38.825 [main] INFO org.springframework.boot.test.context.SpringBootTestContextBootstrapper -- Found @SpringBootConfiguration com.boha.kasietransie.KasieTransieBackendApplication for test class com.boha.kasietransie.KasieTransieBackendApplicationTests

  .   ____          _            __ _ _
 /\\ / ___'_ __ _ _(_)_ __  __ _ \ \ \ \
( ( )\___ | '_ | '_| | '_ \/ _` | \ \ \ \
 \\/  ___)| |_)| | | | | || (_| |  ) ) ) )
  '  |____| .__|_| |_|_| |_\__, | / / / /
 =========|_|==============|___/=/_/_/_/
 :: Spring Boot ::                (v3.1.0)

2023-06-17T01:51:39.041+02:00  WARN 71931 --- [           main] ory$DuplicateJsonObjectContextCustomizer : 

Found multiple occurrences of org.json.JSONObject on the class path:

	jar:file:/Users/aubreymalabie/.m2/repository/com/vaadin/external/google/android-json/0.0.20131108.vaadin1/android-json-0.0.20131108.vaadin1.jar!/org/json/JSONObject.class
	jar:file:/Users/aubreymalabie/.m2/repository/org/json/json/20220924/json-20220924.jar!/org/json/JSONObject.class
	jar:file:/Users/aubreymalabie/.m2/repository/com/intuit/quickbooks-online/oauth2-platform-api/6.0.7/oauth2-platform-api-6.0.7-jar-with-dependencies.jar!/org/json/JSONObject.class

You may wish to exclude one of them to ensure predictable runtime behavior

2023-06-17T01:51:39.054+02:00  INFO 71931 --- [           main] .b.k.KasieTransieBackendApplicationTests : Starting KasieTransieBackendApplicationTests using Java 19.0.2 with PID 71931 (started by aubreymalabie in /Users/aubreymalabie/Work/aftarobot/kasie_transie_backend)
2023-06-17T01:51:39.054+02:00  INFO 71931 --- [           main] .b.k.KasieTransieBackendApplicationTests : The following 1 profile is active: "prod"
2023-06-17T01:51:39.356+02:00  INFO 71931 --- [           main] .s.d.r.c.RepositoryConfigurationDelegate : Bootstrapping Spring Data MongoDB repositories in DEFAULT mode.
2023-06-17T01:51:39.435+02:00  INFO 71931 --- [           main] .s.d.r.c.RepositoryConfigurationDelegate : Finished Spring Data repository scanning in 76 ms. Found 19 MongoDB repository interfaces.
2023-06-17T01:51:39.702+02:00  INFO 71931 --- [           main] o.s.cloud.context.scope.GenericScope     : BeanFactory id=3b6fccad-605b-3cb1-a8a2-687e39424baa
2023-06-17T01:51:39.846+02:00  INFO 71931 --- [           main] c.g.c.s.core.DefaultCredentialsProvider  : Default credentials provider for service account firebase-adminsdk-8y4e9@thermal-effort-366015.iam.gserviceaccount.com
2023-06-17T01:51:39.846+02:00  INFO 71931 --- [           main] c.g.c.s.core.DefaultCredentialsProvider  : Scopes in use by default credentials: [https://www.googleapis.com/auth/pubsub, https://www.googleapis.com/auth/spanner.admin, https://www.googleapis.com/auth/spanner.data, https://www.googleapis.com/auth/datastore, https://www.googleapis.com/auth/sqlservice.admin, https://www.googleapis.com/auth/devstorage.read_only, https://www.googleapis.com/auth/devstorage.read_write, https://www.googleapis.com/auth/cloudruntimeconfig, https://www.googleapis.com/auth/trace.append, https://www.googleapis.com/auth/cloud-platform, https://www.googleapis.com/auth/cloud-vision, https://www.googleapis.com/auth/bigquery, https://www.googleapis.com/auth/monitoring.write]
2023-06-17T01:51:40.664+02:00  INFO 71931 --- [           main] MongoConfig                              : 💦💦💦💦 MongoClient bean prep, active profile: prod
2023-06-17T01:51:40.665+02:00  INFO 71931 --- [           main] SecretManagerService                     : 🍎🍎🍎🍎 SecretMgr: getMongoString: projectId: thermal-effort-366015
2023-06-17T01:51:43.349+02:00  INFO 71931 --- [           main] SecretManagerService                     : 🍎🍎🍎🍎mongodb+srv://geomaster3:khaya1Son@atlascluster.r8p9mgu.mongodb.net/?retryWrites=true&w=majority
2023-06-17T01:51:43.351+02:00  INFO 71931 --- [           main] MongoConfig                              : 💦💦💦💦 Using MongoDB Atlas Server with 🔵 @atlascluster.r8p9mgu.mongodb.net/?retryWrites=true&w=majority
2023-06-17T01:51:43.351+02:00  INFO 71931 --- [           main] MongoConfig                              : 🌀🌀🌀MongoDB Connection string: 🍎@atlascluster.r8p9mgu.mongodb.net/?retryWrites=true&w=majority
2023-06-17T01:51:43.394+02:00  INFO 71931 --- [           main] MongoConfig                              : 🌀🌀🌀MongoDB Connection userName: 🍎 : geomaster3
2023-06-17T01:51:43.465+02:00  INFO 71931 --- [           main] MongoConfig                              : 🌀🌀🌀MongoClientSettings have been set with pojoCodecRegistry
2023-06-17T01:51:43.515+02:00  INFO 71931 --- [mgu.mongodb.net] org.mongodb.driver.cluster               : Adding discovered server ac-inoh3uu-shard-00-01.r8p9mgu.mongodb.net:27017 to client view of cluster
2023-06-17T01:51:43.525+02:00  INFO 71931 --- [           main] org.mongodb.driver.client                : MongoClient with metadata {"driver": {"name": "mongo-java-driver|sync", "version": "4.9.1"}, "os": {"type": "Darwin", "name": "Mac OS X", "architecture": "aarch64", "version": "13.3.1"}, "platform": "Java/Oracle Corporation/19.0.2+7-44"} created with settings MongoClientSettings{readPreference=primary, writeConcern=WriteConcern{w=majority, wTimeout=null ms, journal=null}, retryWrites=true, retryReads=true, readConcern=ReadConcern{level=null}, credential=MongoCredential{mechanism=null, userName='geomaster3', source='admin', password=<hidden>, mechanismProperties=<hidden>}, streamFactoryFactory=null, commandListeners=[], codecRegistry=ProvidersCodecRegistry{codecProviders=[ProvidersCodecRegistry{codecProviders=[ValueCodecProvider{}, BsonValueCodecProvider{}, DBRefCodecProvider{}, DBObjectCodecProvider{}, DocumentCodecProvider{}, CollectionCodecProvider{}, IterableCodecProvider{}, MapCodecProvider{}, GeoJsonCodecProvider{}, GridFSFileCodecProvider{}, Jsr310CodecProvider{}, JsonObjectCodecProvider{}, BsonCodecProvider{}, EnumCodecProvider{}, com.mongodb.client.model.mql.ExpressionCodecProvider@773f3360, com.mongodb.Jep395RecordCodecProvider@352c3d70]}, ProvidersCodecRegistry{codecProviders=[org.bson.codecs.pojo.PojoCodecProvider@4c13ca07]}]}, loggerSettings=LoggerSettings{maxDocumentLength=1000}, clusterSettings={hosts=[127.0.0.1:27017], srvHost=atlascluster.r8p9mgu.mongodb.net, srvServiceName=mongodb, mode=MULTIPLE, requiredClusterType=REPLICA_SET, requiredReplicaSetName='atlas-11866b-shard-0', serverSelector='null', clusterListeners='[]', serverSelectionTimeout='30000 ms', localThreshold='30000 ms'}, socketSettings=SocketSettings{connectTimeoutMS=10000, readTimeoutMS=0, receiveBufferSize=0, sendBufferSize=0}, heartbeatSocketSettings=SocketSettings{connectTimeoutMS=10000, readTimeoutMS=10000, receiveBufferSize=0, sendBufferSize=0}, connectionPoolSettings=ConnectionPoolSettings{maxSize=100, minSize=0, maxWaitTimeMS=120000, maxConnectionLifeTimeMS=0, maxConnectionIdleTimeMS=0, maintenanceInitialDelayMS=0, maintenanceFrequencyMS=60000, connectionPoolListeners=[], maxConnecting=2}, serverSettings=ServerSettings{heartbeatFrequencyMS=10000, minHeartbeatFrequencyMS=500, serverListeners='[]', serverMonitorListeners='[]'}, sslSettings=SslSettings{enabled=true, invalidHostNameAllowed=false, context=null}, applicationName='null', compressorList=[], uuidRepresentation=UNSPECIFIED, serverApi=null, autoEncryptionSettings=null, contextProvider=null}
2023-06-17T01:51:43.553+02:00  INFO 71931 --- [           main] org.mongodb.driver.cluster               : Cluster description not yet available. Waiting for 30000 ms before timing out
2023-06-17T01:51:43.556+02:00  INFO 71931 --- [mgu.mongodb.net] org.mongodb.driver.cluster               : Adding discovered server ac-inoh3uu-shard-00-02.r8p9mgu.mongodb.net:27017 to client view of cluster
2023-06-17T01:51:43.557+02:00  INFO 71931 --- [mgu.mongodb.net] org.mongodb.driver.cluster               : Adding discovered server ac-inoh3uu-shard-00-00.r8p9mgu.mongodb.net:27017 to client view of cluster
2023-06-17T01:51:43.561+02:00  INFO 71931 --- [           main] org.mongodb.driver.cluster               : No server chosen by com.mongodb.client.internal.MongoClientDelegate$$Lambda$998/0x00000008016cb638@6644bdf5 from cluster description ClusterDescription{type=REPLICA_SET, connectionMode=MULTIPLE, serverDescriptions=[ServerDescription{address=ac-inoh3uu-shard-00-00.r8p9mgu.mongodb.net:27017, type=UNKNOWN, state=CONNECTING}, ServerDescription{address=ac-inoh3uu-shard-00-01.r8p9mgu.mongodb.net:27017, type=UNKNOWN, state=CONNECTING}, ServerDescription{address=ac-inoh3uu-shard-00-02.r8p9mgu.mongodb.net:27017, type=UNKNOWN, state=CONNECTING}]}. Waiting for 30000 ms before timing out
2023-06-17T01:51:44.500+02:00  INFO 71931 --- [ngodb.net:27017] org.mongodb.driver.cluster               : Monitor thread successfully connected to server with description ServerDescription{address=ac-inoh3uu-shard-00-01.r8p9mgu.mongodb.net:27017, type=REPLICA_SET_PRIMARY, state=CONNECTED, ok=true, minWireVersion=0, maxWireVersion=17, maxDocumentSize=16777216, logicalSessionTimeoutMinutes=30, roundTripTimeNanos=603409375, setName='atlas-11866b-shard-0', canonicalAddress=ac-inoh3uu-shard-00-01.r8p9mgu.mongodb.net:27017, hosts=[ac-inoh3uu-shard-00-00.r8p9mgu.mongodb.net:27017, ac-inoh3uu-shard-00-01.r8p9mgu.mongodb.net:27017, ac-inoh3uu-shard-00-02.r8p9mgu.mongodb.net:27017], passives=[], arbiters=[], primary='ac-inoh3uu-shard-00-01.r8p9mgu.mongodb.net:27017', tagSet=TagSet{[Tag{name='nodeType', value='ELECTABLE'}, Tag{name='provider', value='AWS'}, Tag{name='region', value='AP_SOUTH_1'}, Tag{name='workloadType', value='OPERATIONAL'}]}, electionId=7fffffff0000000000000213, setVersion=7, topologyVersion=TopologyVersion{processId=648c0eca65eeb7fa3b982c4a, counter=6}, lastWriteDate=Sat Jun 17 01:51:44 SAST 2023, lastUpdateTimeNanos=1377976591631583}
2023-06-17T01:51:44.500+02:00  INFO 71931 --- [ngodb.net:27017] org.mongodb.driver.cluster               : Monitor thread successfully connected to server with description ServerDescription{address=ac-inoh3uu-shard-00-02.r8p9mgu.mongodb.net:27017, type=REPLICA_SET_SECONDARY, state=CONNECTED, ok=true, minWireVersion=0, maxWireVersion=17, maxDocumentSize=16777216, logicalSessionTimeoutMinutes=30, roundTripTimeNanos=605080333, setName='atlas-11866b-shard-0', canonicalAddress=ac-inoh3uu-shard-00-02.r8p9mgu.mongodb.net:27017, hosts=[ac-inoh3uu-shard-00-00.r8p9mgu.mongodb.net:27017, ac-inoh3uu-shard-00-01.r8p9mgu.mongodb.net:27017, ac-inoh3uu-shard-00-02.r8p9mgu.mongodb.net:27017], passives=[], arbiters=[], primary='ac-inoh3uu-shard-00-01.r8p9mgu.mongodb.net:27017', tagSet=TagSet{[Tag{name='nodeType', value='ELECTABLE'}, Tag{name='provider', value='AWS'}, Tag{name='region', value='AP_SOUTH_1'}, Tag{name='workloadType', value='OPERATIONAL'}]}, electionId=null, setVersion=7, topologyVersion=TopologyVersion{processId=648c0fd2c8a55b6967d4333d, counter=3}, lastWriteDate=Sat Jun 17 01:51:44 SAST 2023, lastUpdateTimeNanos=1377976593680416}
2023-06-17T01:51:44.502+02:00  INFO 71931 --- [ngodb.net:27017] org.mongodb.driver.cluster               : Discovered replica set primary ac-inoh3uu-shard-00-01.r8p9mgu.mongodb.net:27017 with max election id 7fffffff0000000000000213 and max set version 7
2023-06-17T01:51:44.673+02:00  INFO 71931 --- [ngodb.net:27017] org.mongodb.driver.cluster               : Monitor thread successfully connected to server with description ServerDescription{address=ac-inoh3uu-shard-00-00.r8p9mgu.mongodb.net:27017, type=REPLICA_SET_SECONDARY, state=CONNECTED, ok=true, minWireVersion=0, maxWireVersion=17, maxDocumentSize=16777216, logicalSessionTimeoutMinutes=30, roundTripTimeNanos=614737958, setName='atlas-11866b-shard-0', canonicalAddress=ac-inoh3uu-shard-00-00.r8p9mgu.mongodb.net:27017, hosts=[ac-inoh3uu-shard-00-00.r8p9mgu.mongodb.net:27017, ac-inoh3uu-shard-00-01.r8p9mgu.mongodb.net:27017, ac-inoh3uu-shard-00-02.r8p9mgu.mongodb.net:27017], passives=[], arbiters=[], primary='ac-inoh3uu-shard-00-01.r8p9mgu.mongodb.net:27017', tagSet=TagSet{[Tag{name='nodeType', value='ELECTABLE'}, Tag{name='provider', value='AWS'}, Tag{name='region', value='AP_SOUTH_1'}, Tag{name='workloadType', value='OPERATIONAL'}]}, electionId=null, setVersion=7, topologyVersion=TopologyVersion{processId=648c0daa1110ff7a886664d9, counter=4}, lastWriteDate=Sat Jun 17 01:51:44 SAST 2023, lastUpdateTimeNanos=1377976772822333}
2023-06-17T01:51:46.239+02:00  INFO 71931 --- [           main] MongoConfig                              : 🌀🌀🌀 ac-inoh3uu-shard-00-01.r8p9mgu.mongodb.net:27017 MongoClientSettings have been set with pojoCodecRegistry
2023-06-17T01:51:46.529+02:00  INFO 71931 --- [           main] MongoConfig                              : 🌀🌀🌀MongoDB Atlas Database: {"name": "__realm_sync_6481b46bda04fbf50496b331", "sizeOnDisk": 37273600, "empty": false}💦💦
2023-06-17T01:51:46.529+02:00  INFO 71931 --- [           main] MongoConfig                              : 🌀🌀🌀MongoDB Atlas Database: {"name": "geo", "sizeOnDisk": 397312, "empty": false}💦💦
2023-06-17T01:51:46.529+02:00  INFO 71931 --- [           main] MongoConfig                              : 🌀🌀🌀MongoDB Atlas Database: {"name": "kasie_transie_db", "sizeOnDisk": 56524800, "empty": false}💦💦
2023-06-17T01:51:46.529+02:00  INFO 71931 --- [           main] MongoConfig                              : 🌀🌀🌀MongoDB Atlas Database: {"name": "mongo_geo", "sizeOnDisk": 32243712, "empty": false}💦💦
2023-06-17T01:51:46.529+02:00  INFO 71931 --- [           main] MongoConfig                              : 🌀🌀🌀MongoDB Atlas Database: {"name": "admin", "sizeOnDisk": 344064, "empty": false}💦💦
2023-06-17T01:51:46.529+02:00  INFO 71931 --- [           main] MongoConfig                              : 🌀🌀🌀MongoDB Atlas Database: {"name": "local", "sizeOnDisk": 3508719616, "empty": false}💦💦
2023-06-17T01:51:46.531+02:00  INFO 71931 --- [           main] MongoConfig                              : 🌀🌀🌀 Database Name: kasie_transie_db 🌀🌀🌀
2023-06-17T01:51:46.749+02:00  INFO 71931 --- [           main] MongoService                             : 🍎 Mongo Database set up, ....... database name: kasie_transie_db
2023-06-17T01:51:46.786+02:00  INFO 71931 --- [           main] UserService                              : 🔵🐦🔵🐦🔵🐦  UserService constructed 
2023-06-17T01:51:46.805+02:00  INFO 71931 --- [           main] VehicleService                           : 🐦🐦🐦🐦🐦🐦🐦 VehicleService constructed 
2023-06-17T01:51:46.826+02:00  INFO 71931 --- [           main] AssociationService                       : 🍎🍎🍎🍎🍎🍎🍎🍎🍎  AssociationService constructed 
2023-06-17T01:51:47.739+02:00  INFO 71931 --- [           main] c.g.c.s.a.c.GcpContextAutoConfiguration  : The default project ID is thermal-effort-366015
2023-06-17T01:51:47.971+02:00  INFO 71931 --- [           main] .b.k.KasieTransieBackendApplicationTests : Started KasieTransieBackendApplicationTests in 9.077 seconds (process running for 9.609)
2023-06-17T01:51:47.973+02:00  INFO 71931 --- [           main] KasieTransieBackendApplication           : 🍐🍐🍐🍐 Total Endpoints: 43

2023-06-17T01:51:47.973+02:00  INFO 71931 --- [           main] FirebaseService                          : 🌀🌀🌀 .... initializing Firebase ....
2023-06-17T01:51:47.973+02:00  INFO 71931 --- [           main] FirebaseService                          : 🌀🌀🌀 Project Id from Properties: 🍎 thermal-effort-366015
2023-06-17T01:51:47.977+02:00  INFO 71931 --- [           main] FirebaseService                          : 🌀🌀🌀🌀🌀 Firebase has been initialized: https://thermal-effort-366015.firebaseio.com/ 🍎
2023-06-17T01:51:47.978+02:00  INFO 71931 --- [           main] MongoService                             : ☕️☕️☕️ MongoService has started setup of indexes ... 🛎 🛎 
2023-06-17T01:51:48.923+02:00  INFO 71931 --- [           main] Vehicle                                  : ☕️☕️☕️Vehicle indexes done 
2023-06-17T01:51:49.841+02:00  INFO 71931 --- [           main] Vehicle                                  : ☕️☕️☕️User indexes done; result: 
2023-06-17T01:51:50.161+02:00  INFO 71931 --- [           main] Vehicle                                  : ☕️☕️☕️Country index done
2023-06-17T01:51:52.299+02:00  INFO 71931 --- [           main] DispatchRecord                           : ☕️☕️☕️DispatchRecord indexes done
2023-06-17T01:51:53.219+02:00  INFO 71931 --- [           main] Vehicle                                  : ☕️☕️☕️DispatchRecord indexes done
2023-06-17T01:51:54.134+02:00  INFO 71931 --- [           main] Vehicle                                  : ☕️☕️☕️User indexes done; result: 
2023-06-17T01:51:54.763+02:00  INFO 71931 --- [           main] Vehicle                                  : ☕️☕️☕️Association indexes done
2023-06-17T01:51:56.000+02:00  INFO 71931 --- [           main] Vehicle                                  : ☕️☕️☕️UserGeofenceEvent indexes done
2023-06-17T01:51:56.609+02:00  INFO 71931 --- [           main] Vehicle                                  : ☕️☕️☕️Route indexes done
2023-06-17T01:51:57.630+02:00  INFO 71931 --- [           main] RoutePoint                               : ☕️☕️☕️RoutePoint indexes done
2023-06-17T01:51:58.857+02:00  INFO 71931 --- [           main] Vehicle                                  : ☕️☕️☕️DispatchRecord indexes done
2023-06-17T01:52:00.081+02:00  INFO 71931 --- [           main] Vehicle                                  : ☕️☕️☕️VehicleArrival indexes done 
2023-06-17T01:52:01.618+02:00  INFO 71931 --- [           main] Vehicle                                  : ☕️☕️☕️VehicleDeparture indexes done 
2023-06-17T01:52:02.845+02:00  INFO 71931 --- [           main] Vehicle                                  : ☕️☕️☕️VehicleHeartbeat indexes done 
2023-06-17T01:52:03.476+02:00  INFO 71931 --- [           main] Vehicle                                  : ☕️☕️☕️City indexes done
2023-06-17T01:52:03.476+02:00  INFO 71931 --- [           main] MongoService                             : ☕️☕️☕️ MongoService has completed setup of indexes 🛎 🛎 
2023-06-17T01:52:03.478+02:00  INFO 71931 --- [           main] KasieTransieBackendApplication           : 🍐🍐🍐🍐 datagramSocket: Current IP address : 192.168.86.242
2023-06-17T01:52:03.492+02:00  INFO 71931 --- [           main] KasieTransieBackendApplication           : 🍐🍐🍐🍐 Current IP address : 192.168.86.242
]]></system-out>
  </testcase>
</testsuite>