<?xml version="1.0" encoding="UTF-8"?>
<testsuite xmlns:xsi="http://www.w3.org/2001/XMLSchema-instance" xsi:noNamespaceSchemaLocation="https://maven.apache.org/surefire/maven-surefire-plugin/xsd/surefire-test-report-3.0.xsd" version="3.0" name="com.boha.kasietransie.KasieTransieBackendApplicationTests" time="3.44" tests="1" errors="0" skipped="0" failures="0">
  <properties>
[...]
</properties>
  <testcase name="contextLoads" classname="com.boha.kasietransie.KasieTransieBackendApplicationTests" time="0.457">
    <system-out><![CDATA[01:35:18.606 [main] INFO org.springframework.test.context.support.AnnotationConfigContextLoaderUtils -- Could not detect default configuration classes for test class [com.boha.kasietransie.KasieTransieBackendApplicationTests]: KasieTransieBackendApplicationTests does not declare any static, non-private, non-final, nested classes annotated with @Configuration.
01:35:18.671 [main] INFO org.springframework.boot.test.context.SpringBootTestContextBootstrapper -- Found @SpringBootConfiguration com.boha.kasietransie.KasieTransieBackendApplication for test class com.boha.kasietransie.KasieTransieBackendApplicationTests

  .   ____          _            __ _ _
 /\\ / ___'_ __ _ _(_)_ __  __ _ \ \ \ \
( ( )\___ | '_ | '_| | '_ \/ _` | \ \ \ \
 \\/  ___)| |_)| | | | | || (_| |  ) ) ) )
  '  |____| .__|_| |_|_| |_\__, | / / / /
 =========|_|==============|___/=/_/_/_/
 :: Spring Boot ::                (v3.1.0)

2023-06-13T01:35:18.910+02:00  WARN 20851 --- [           main] ory$DuplicateJsonObjectContextCustomizer : 

Found multiple occurrences of org.json.JSONObject on the class path:

	jar:file:/Users/aubreymalabie/.m2/repository/com/vaadin/external/google/android-json/0.0.20131108.vaadin1/android-json-0.0.20131108.vaadin1.jar!/org/json/JSONObject.class
	jar:file:/Users/aubreymalabie/.m2/repository/org/json/json/20220924/json-20220924.jar!/org/json/JSONObject.class
	jar:file:/Users/aubreymalabie/.m2/repository/com/intuit/quickbooks-online/oauth2-platform-api/6.0.7/oauth2-platform-api-6.0.7-jar-with-dependencies.jar!/org/json/JSONObject.class

You may wish to exclude one of them to ensure predictable runtime behavior

2023-06-13T01:35:18.923+02:00  INFO 20851 --- [           main] .b.k.KasieTransieBackendApplicationTests : Starting KasieTransieBackendApplicationTests using Java 19.0.2 with PID 20851 (started by aubreymalabie in /Users/aubreymalabie/Work/aftarobot/kasie_transie_backend)
2023-06-13T01:35:18.924+02:00  INFO 20851 --- [           main] .b.k.KasieTransieBackendApplicationTests : The following 1 profile is active: "prod"
2023-06-13T01:35:19.367+02:00  INFO 20851 --- [           main] .s.d.r.c.RepositoryConfigurationDelegate : Bootstrapping Spring Data MongoDB repositories in DEFAULT mode.
2023-06-13T01:35:19.378+02:00  INFO 20851 --- [           main] .s.d.r.c.RepositoryConfigurationDelegate : Finished Spring Data repository scanning in 7 ms. Found 0 MongoDB repository interfaces.
2023-06-13T01:35:19.475+02:00  INFO 20851 --- [           main] o.s.cloud.context.scope.GenericScope     : BeanFactory id=3d9ec4fe-726c-3769-a147-cc47bd73d94c
2023-06-13T01:35:20.454+02:00  INFO 20851 --- [           main] c.g.c.s.core.DefaultCredentialsProvider  : Default credentials provider for service account firebase-adminsdk-8y4e9@thermal-effort-366015.iam.gserviceaccount.com
2023-06-13T01:35:20.454+02:00  INFO 20851 --- [           main] c.g.c.s.core.DefaultCredentialsProvider  : Scopes in use by default credentials: [https://www.googleapis.com/auth/pubsub, https://www.googleapis.com/auth/spanner.admin, https://www.googleapis.com/auth/spanner.data, https://www.googleapis.com/auth/datastore, https://www.googleapis.com/auth/sqlservice.admin, https://www.googleapis.com/auth/devstorage.read_only, https://www.googleapis.com/auth/devstorage.read_write, https://www.googleapis.com/auth/cloudruntimeconfig, https://www.googleapis.com/auth/trace.append, https://www.googleapis.com/auth/cloud-platform, https://www.googleapis.com/auth/cloud-vision, https://www.googleapis.com/auth/bigquery, https://www.googleapis.com/auth/monitoring.write]
2023-06-13T01:35:20.458+02:00  INFO 20851 --- [           main] c.g.c.s.a.c.GcpContextAutoConfiguration  : The default project ID is thermal-effort-366015
2023-06-13T01:35:21.316+02:00  INFO 20851 --- [           main] org.mongodb.driver.client                : MongoClient with metadata {"driver": {"name": "mongo-java-driver|sync|spring-boot", "version": "4.9.1"}, "os": {"type": "Darwin", "name": "Mac OS X", "architecture": "aarch64", "version": "13.3.1"}, "platform": "Java/Oracle Corporation/19.0.2+7-44"} created with settings MongoClientSettings{readPreference=primary, writeConcern=WriteConcern{w=null, wTimeout=null ms, journal=null}, retryWrites=true, retryReads=true, readConcern=ReadConcern{level=null}, credential=null, streamFactoryFactory=null, commandListeners=[], codecRegistry=ProvidersCodecRegistry{codecProviders=[ValueCodecProvider{}, BsonValueCodecProvider{}, DBRefCodecProvider{}, DBObjectCodecProvider{}, DocumentCodecProvider{}, CollectionCodecProvider{}, IterableCodecProvider{}, MapCodecProvider{}, GeoJsonCodecProvider{}, GridFSFileCodecProvider{}, Jsr310CodecProvider{}, JsonObjectCodecProvider{}, BsonCodecProvider{}, EnumCodecProvider{}, com.mongodb.client.model.mql.ExpressionCodecProvider@683ed81b, com.mongodb.Jep395RecordCodecProvider@3c116f26]}, loggerSettings=LoggerSettings{maxDocumentLength=1000}, clusterSettings={hosts=[localhost:27017], srvServiceName=mongodb, mode=SINGLE, requiredClusterType=UNKNOWN, requiredReplicaSetName='null', serverSelector='null', clusterListeners='[]', serverSelectionTimeout='30000 ms', localThreshold='30000 ms'}, socketSettings=SocketSettings{connectTimeoutMS=10000, readTimeoutMS=0, receiveBufferSize=0, sendBufferSize=0}, heartbeatSocketSettings=SocketSettings{connectTimeoutMS=10000, readTimeoutMS=10000, receiveBufferSize=0, sendBufferSize=0}, connectionPoolSettings=ConnectionPoolSettings{maxSize=100, minSize=0, maxWaitTimeMS=120000, maxConnectionLifeTimeMS=0, maxConnectionIdleTimeMS=0, maintenanceInitialDelayMS=0, maintenanceFrequencyMS=60000, connectionPoolListeners=[], maxConnecting=2}, serverSettings=ServerSettings{heartbeatFrequencyMS=10000, minHeartbeatFrequencyMS=500, serverListeners='[]', serverMonitorListeners='[]'}, sslSettings=SslSettings{enabled=false, invalidHostNameAllowed=false, context=null}, applicationName='null', compressorList=[], uuidRepresentation=JAVA_LEGACY, serverApi=null, autoEncryptionSettings=null, contextProvider=null}
2023-06-13T01:35:21.334+02:00  INFO 20851 --- [localhost:27017] org.mongodb.driver.cluster               : Monitor thread successfully connected to server with description ServerDescription{address=localhost:27017, type=STANDALONE, state=CONNECTED, ok=true, minWireVersion=0, maxWireVersion=17, maxDocumentSize=16777216, logicalSessionTimeoutMinutes=30, roundTripTimeNanos=10471667}
2023-06-13T01:35:21.483+02:00  INFO 20851 --- [           main] .b.k.KasieTransieBackendApplicationTests : Started KasieTransieBackendApplicationTests in 2.737 seconds (process running for 3.288)
]]></system-out>
  </testcase>
</testsuite>